{"/home/dmitry/workspace/js_ovchinnikov94/libs/test.js":{"path":"/home/dmitry/workspace/js_ovchinnikov94/libs/test.js","s":{"1":1,"2":1,"3":1,"4":1,"5":1,"6":0,"7":0,"8":0,"9":0,"10":0,"11":0,"12":0,"13":0,"14":0,"15":0,"16":0,"17":0,"18":0,"19":0,"20":0,"21":0,"22":0,"23":0,"24":0,"25":0,"26":0,"27":0,"28":0,"29":0,"30":0,"31":0,"32":0,"33":0,"34":0,"35":0,"36":0,"37":0,"38":0,"39":0,"40":0,"41":0,"42":0,"43":0,"44":0,"45":0,"46":0,"47":0,"48":0,"49":0,"50":0,"51":0,"52":0,"53":0,"54":0,"55":0,"56":0,"57":0,"58":0,"59":0,"60":0,"61":0,"62":0,"63":0,"64":0,"65":0,"66":0,"67":0,"68":0,"69":0,"70":0,"71":0,"72":0,"73":0,"74":0,"75":0,"76":0,"77":0,"78":0,"79":0,"80":0,"81":0,"82":0,"83":0,"84":0,"85":0,"86":0,"87":0,"88":0,"89":0,"90":0,"91":0,"92":0},"b":{"1":[0,0]},"f":{"1":0,"2":0,"3":0,"4":0,"5":0,"6":0,"7":0,"8":0,"9":0,"10":0,"11":0,"12":0,"13":0,"14":0,"15":0,"16":0,"17":0,"18":0,"19":0,"20":0,"21":0,"22":0,"23":0,"24":0,"25":0,"26":0,"27":0,"28":0,"29":0,"30":0,"31":0,"32":0,"33":0,"34":0,"35":0,"36":0,"37":0,"38":0,"39":0,"40":0,"41":0,"42":0,"43":0,"44":0,"45":0,"46":0,"47":0},"fnMap":{"1":{"name":"(anonymous_1)","line":6,"loc":{"start":{"line":6,"column":23},"end":{"line":6,"column":33}}},"2":{"name":"(anonymous_2)","line":8,"loc":{"start":{"line":8,"column":8},"end":{"line":8,"column":18}}},"3":{"name":"(anonymous_3)","line":10,"loc":{"start":{"line":10,"column":21},"end":{"line":10,"column":40}}},"4":{"name":"(anonymous_4)","line":11,"loc":{"start":{"line":11,"column":16},"end":{"line":11,"column":27}}},"5":{"name":"(anonymous_5)","line":14,"loc":{"start":{"line":14,"column":20},"end":{"line":14,"column":31}}},"6":{"name":"(anonymous_6)","line":19,"loc":{"start":{"line":19,"column":7},"end":{"line":19,"column":17}}},"7":{"name":"(anonymous_7)","line":20,"loc":{"start":{"line":20,"column":21},"end":{"line":20,"column":40}}},"8":{"name":"(anonymous_8)","line":21,"loc":{"start":{"line":21,"column":16},"end":{"line":21,"column":27}}},"9":{"name":"(anonymous_9)","line":25,"loc":{"start":{"line":25,"column":21},"end":{"line":25,"column":31}}},"10":{"name":"(anonymous_10)","line":26,"loc":{"start":{"line":26,"column":15},"end":{"line":26,"column":29}}},"11":{"name":"(anonymous_11)","line":27,"loc":{"start":{"line":27,"column":22},"end":{"line":27,"column":41}}},"12":{"name":"(anonymous_12)","line":32,"loc":{"start":{"line":32,"column":51},"end":{"line":32,"column":65}}},"13":{"name":"(anonymous_13)","line":33,"loc":{"start":{"line":33,"column":24},"end":{"line":33,"column":43}}},"14":{"name":"(anonymous_14)","line":38,"loc":{"start":{"line":38,"column":34},"end":{"line":38,"column":48}}},"15":{"name":"(anonymous_15)","line":39,"loc":{"start":{"line":39,"column":22},"end":{"line":39,"column":41}}},"16":{"name":"(anonymous_16)","line":47,"loc":{"start":{"line":47,"column":20},"end":{"line":47,"column":30}}},"17":{"name":"(anonymous_17)","line":48,"loc":{"start":{"line":48,"column":28},"end":{"line":48,"column":42}}},"18":{"name":"(anonymous_18)","line":49,"loc":{"start":{"line":49,"column":23},"end":{"line":49,"column":43}}},"19":{"name":"(anonymous_19)","line":55,"loc":{"start":{"line":55,"column":25},"end":{"line":55,"column":39}}},"20":{"name":"(anonymous_20)","line":56,"loc":{"start":{"line":56,"column":21},"end":{"line":56,"column":41}}},"21":{"name":"(anonymous_21)","line":65,"loc":{"start":{"line":65,"column":34},"end":{"line":65,"column":44}}},"22":{"name":"(anonymous_22)","line":69,"loc":{"start":{"line":69,"column":22},"end":{"line":69,"column":32}}},"23":{"name":"(anonymous_23)","line":73,"loc":{"start":{"line":73,"column":25},"end":{"line":73,"column":49}}},"24":{"name":"(anonymous_24)","line":76,"loc":{"start":{"line":76,"column":23},"end":{"line":76,"column":33}}},"25":{"name":"(anonymous_25)","line":77,"loc":{"start":{"line":77,"column":30},"end":{"line":77,"column":44}}},"26":{"name":"(anonymous_26)","line":78,"loc":{"start":{"line":78,"column":40},"end":{"line":78,"column":51}}},"27":{"name":"(anonymous_27)","line":83,"loc":{"start":{"line":83,"column":28},"end":{"line":83,"column":38}}},"28":{"name":"(anonymous_28)","line":84,"loc":{"start":{"line":84,"column":15},"end":{"line":84,"column":29}}},"29":{"name":"(anonymous_29)","line":87,"loc":{"start":{"line":87,"column":14},"end":{"line":87,"column":24}}},"30":{"name":"(anonymous_30)","line":88,"loc":{"start":{"line":88,"column":41},"end":{"line":88,"column":52}}},"31":{"name":"(anonymous_31)","line":95,"loc":{"start":{"line":95,"column":28},"end":{"line":95,"column":38}}},"32":{"name":"(anonymous_32)","line":96,"loc":{"start":{"line":96,"column":15},"end":{"line":96,"column":29}}},"33":{"name":"(anonymous_33)","line":97,"loc":{"start":{"line":97,"column":28},"end":{"line":97,"column":39}}},"34":{"name":"(anonymous_34)","line":100,"loc":{"start":{"line":100,"column":14},"end":{"line":100,"column":24}}},"35":{"name":"(anonymous_35)","line":101,"loc":{"start":{"line":101,"column":41},"end":{"line":101,"column":52}}},"36":{"name":"(anonymous_36)","line":107,"loc":{"start":{"line":107,"column":32},"end":{"line":107,"column":42}}},"37":{"name":"(anonymous_37)","line":108,"loc":{"start":{"line":108,"column":17},"end":{"line":108,"column":31}}},"38":{"name":"(anonymous_38)","line":116,"loc":{"start":{"line":116,"column":14},"end":{"line":116,"column":24}}},"39":{"name":"(anonymous_39)","line":117,"loc":{"start":{"line":117,"column":41},"end":{"line":117,"column":52}}},"40":{"name":"(anonymous_40)","line":123,"loc":{"start":{"line":123,"column":26},"end":{"line":123,"column":36}}},"41":{"name":"(anonymous_41)","line":124,"loc":{"start":{"line":124,"column":15},"end":{"line":124,"column":29}}},"42":{"name":"(anonymous_42)","line":126,"loc":{"start":{"line":126,"column":14},"end":{"line":126,"column":24}}},"43":{"name":"(anonymous_43)","line":127,"loc":{"start":{"line":127,"column":41},"end":{"line":127,"column":52}}},"44":{"name":"(anonymous_44)","line":133,"loc":{"start":{"line":133,"column":29},"end":{"line":133,"column":39}}},"45":{"name":"(anonymous_45)","line":134,"loc":{"start":{"line":134,"column":16},"end":{"line":134,"column":30}}},"46":{"name":"(anonymous_46)","line":136,"loc":{"start":{"line":136,"column":14},"end":{"line":136,"column":24}}},"47":{"name":"(anonymous_47)","line":137,"loc":{"start":{"line":137,"column":41},"end":{"line":137,"column":52}}}},"statementMap":{"1":{"start":{"line":1,"column":0},"end":{"line":1,"column":27}},"2":{"start":{"line":2,"column":0},"end":{"line":2,"column":29}},"3":{"start":{"line":3,"column":0},"end":{"line":3,"column":28}},"4":{"start":{"line":4,"column":0},"end":{"line":4,"column":30}},"5":{"start":{"line":6,"column":0},"end":{"line":63,"column":3}},"6":{"start":{"line":7,"column":1},"end":{"line":7,"column":14}},"7":{"start":{"line":8,"column":1},"end":{"line":17,"column":4}},"8":{"start":{"line":9,"column":2},"end":{"line":9,"column":34}},"9":{"start":{"line":10,"column":2},"end":{"line":12,"column":5}},"10":{"start":{"line":11,"column":3},"end":{"line":11,"column":47}},"11":{"start":{"line":11,"column":28},"end":{"line":11,"column":44}},"12":{"start":{"line":13,"column":2},"end":{"line":13,"column":43}},"13":{"start":{"line":14,"column":2},"end":{"line":16,"column":5}},"14":{"start":{"line":15,"column":3},"end":{"line":15,"column":52}},"15":{"start":{"line":19,"column":1},"end":{"line":23,"column":4}},"16":{"start":{"line":20,"column":2},"end":{"line":22,"column":5}},"17":{"start":{"line":21,"column":3},"end":{"line":21,"column":47}},"18":{"start":{"line":21,"column":28},"end":{"line":21,"column":44}},"19":{"start":{"line":25,"column":1},"end":{"line":45,"column":4}},"20":{"start":{"line":26,"column":2},"end":{"line":31,"column":5}},"21":{"start":{"line":27,"column":3},"end":{"line":30,"column":6}},"22":{"start":{"line":28,"column":4},"end":{"line":28,"column":31}},"23":{"start":{"line":29,"column":4},"end":{"line":29,"column":11}},"24":{"start":{"line":32,"column":2},"end":{"line":37,"column":5}},"25":{"start":{"line":33,"column":3},"end":{"line":36,"column":6}},"26":{"start":{"line":34,"column":4},"end":{"line":34,"column":31}},"27":{"start":{"line":35,"column":4},"end":{"line":35,"column":11}},"28":{"start":{"line":38,"column":2},"end":{"line":44,"column":5}},"29":{"start":{"line":39,"column":3},"end":{"line":43,"column":6}},"30":{"start":{"line":40,"column":4},"end":{"line":40,"column":31}},"31":{"start":{"line":41,"column":4},"end":{"line":41,"column":30}},"32":{"start":{"line":42,"column":4},"end":{"line":42,"column":11}},"33":{"start":{"line":47,"column":1},"end":{"line":62,"column":4}},"34":{"start":{"line":48,"column":2},"end":{"line":53,"column":5}},"35":{"start":{"line":49,"column":3},"end":{"line":52,"column":6}},"36":{"start":{"line":50,"column":4},"end":{"line":50,"column":55}},"37":{"start":{"line":51,"column":4},"end":{"line":51,"column":11}},"38":{"start":{"line":55,"column":2},"end":{"line":60,"column":5}},"39":{"start":{"line":56,"column":3},"end":{"line":59,"column":6}},"40":{"start":{"line":57,"column":4},"end":{"line":57,"column":30}},"41":{"start":{"line":58,"column":4},"end":{"line":58,"column":11}},"42":{"start":{"line":65,"column":0},"end":{"line":144,"column":3}},"43":{"start":{"line":66,"column":1},"end":{"line":66,"column":30}},"44":{"start":{"line":67,"column":1},"end":{"line":67,"column":37}},"45":{"start":{"line":68,"column":1},"end":{"line":68,"column":54}},"46":{"start":{"line":69,"column":1},"end":{"line":71,"column":4}},"47":{"start":{"line":70,"column":2},"end":{"line":70,"column":94}},"48":{"start":{"line":72,"column":1},"end":{"line":72,"column":15}},"49":{"start":{"line":73,"column":1},"end":{"line":75,"column":4}},"50":{"start":{"line":74,"column":2},"end":{"line":74,"column":37}},"51":{"start":{"line":76,"column":1},"end":{"line":81,"column":4}},"52":{"start":{"line":77,"column":2},"end":{"line":80,"column":5}},"53":{"start":{"line":78,"column":3},"end":{"line":78,"column":120}},"54":{"start":{"line":78,"column":52},"end":{"line":78,"column":82}},"55":{"start":{"line":79,"column":3},"end":{"line":79,"column":10}},"56":{"start":{"line":83,"column":1},"end":{"line":93,"column":4}},"57":{"start":{"line":84,"column":2},"end":{"line":92,"column":5}},"58":{"start":{"line":85,"column":3},"end":{"line":85,"column":60}},"59":{"start":{"line":86,"column":3},"end":{"line":86,"column":43}},"60":{"start":{"line":87,"column":3},"end":{"line":90,"column":10}},"61":{"start":{"line":88,"column":4},"end":{"line":88,"column":112}},"62":{"start":{"line":88,"column":53},"end":{"line":88,"column":80}},"63":{"start":{"line":89,"column":4},"end":{"line":89,"column":11}},"64":{"start":{"line":95,"column":1},"end":{"line":105,"column":4}},"65":{"start":{"line":96,"column":2},"end":{"line":104,"column":5}},"66":{"start":{"line":97,"column":3},"end":{"line":99,"column":6}},"67":{"start":{"line":98,"column":4},"end":{"line":98,"column":52}},"68":{"start":{"line":100,"column":3},"end":{"line":103,"column":10}},"69":{"start":{"line":101,"column":4},"end":{"line":101,"column":117}},"70":{"start":{"line":101,"column":53},"end":{"line":101,"column":80}},"71":{"start":{"line":102,"column":4},"end":{"line":102,"column":11}},"72":{"start":{"line":107,"column":1},"end":{"line":121,"column":4}},"73":{"start":{"line":108,"column":2},"end":{"line":120,"column":4}},"74":{"start":{"line":109,"column":3},"end":{"line":115,"column":7}},"75":{"start":{"line":116,"column":3},"end":{"line":119,"column":10}},"76":{"start":{"line":117,"column":4},"end":{"line":117,"column":120}},"77":{"start":{"line":117,"column":53},"end":{"line":117,"column":82}},"78":{"start":{"line":118,"column":4},"end":{"line":118,"column":11}},"79":{"start":{"line":123,"column":1},"end":{"line":131,"column":4}},"80":{"start":{"line":124,"column":2},"end":{"line":130,"column":5}},"81":{"start":{"line":125,"column":3},"end":{"line":125,"column":85}},"82":{"start":{"line":126,"column":3},"end":{"line":129,"column":10}},"83":{"start":{"line":127,"column":4},"end":{"line":127,"column":118}},"84":{"start":{"line":127,"column":53},"end":{"line":127,"column":80}},"85":{"start":{"line":128,"column":4},"end":{"line":128,"column":11}},"86":{"start":{"line":133,"column":1},"end":{"line":142,"column":4}},"87":{"start":{"line":134,"column":2},"end":{"line":141,"column":5}},"88":{"start":{"line":135,"column":3},"end":{"line":135,"column":88}},"89":{"start":{"line":136,"column":3},"end":{"line":140,"column":10}},"90":{"start":{"line":137,"column":4},"end":{"line":138,"column":34}},"91":{"start":{"line":137,"column":53},"end":{"line":137,"column":104}},"92":{"start":{"line":139,"column":4},"end":{"line":139,"column":11}}},"branchMap":{"1":{"line":137,"type":"binary-expr","locations":[{"start":{"line":137,"column":60},"end":{"line":137,"column":80}},{"start":{"line":137,"column":84},"end":{"line":137,"column":103}}]}}}}