{"/home/dmitry/workspace/js_ovchinnikov94/libs/test.js":{"path":"/home/dmitry/workspace/js_ovchinnikov94/libs/test.js","s":{"1":1,"2":1,"3":1,"4":1,"5":1,"6":1,"7":1,"8":1,"9":1,"10":1,"11":1,"12":1,"13":1,"14":4,"15":1,"16":1,"17":1,"18":4,"19":1,"20":1,"21":1,"22":1,"23":1,"24":1,"25":1,"26":1,"27":1,"28":1,"29":1,"30":1,"31":1,"32":1,"33":1,"34":1,"35":1,"36":1,"37":1,"38":1,"39":1,"40":1,"41":1,"42":1,"43":1,"44":1,"45":1,"46":1,"47":1,"48":1,"49":1,"50":6,"51":1,"52":1,"53":1,"54":1,"55":1,"56":1,"57":1,"58":1,"59":1,"60":1,"61":1,"62":2,"63":1,"64":1,"65":1,"66":1,"67":1,"68":1,"69":1,"70":3,"71":1,"72":1,"73":1,"74":1,"75":1,"76":1,"77":4,"78":1,"79":1,"80":1,"81":1,"82":1,"83":1,"84":5,"85":1,"86":1,"87":1,"88":1,"89":1,"90":1,"91":6,"92":1},"b":{"1":[6,1]},"f":{"1":1,"2":1,"3":1,"4":1,"5":4,"6":1,"7":1,"8":4,"9":1,"10":1,"11":1,"12":1,"13":1,"14":1,"15":1,"16":1,"17":1,"18":1,"19":1,"20":1,"21":1,"22":1,"23":6,"24":1,"25":1,"26":1,"27":1,"28":1,"29":1,"30":2,"31":1,"32":1,"33":1,"34":1,"35":3,"36":1,"37":1,"38":1,"39":4,"40":1,"41":1,"42":1,"43":5,"44":1,"45":1,"46":1,"47":6},"fnMap":{"1":{"name":"(anonymous_1)","line":6,"loc":{"start":{"line":6,"column":23},"end":{"line":6,"column":33}}},"2":{"name":"(anonymous_2)","line":8,"loc":{"start":{"line":8,"column":8},"end":{"line":8,"column":18}}},"3":{"name":"(anonymous_3)","line":10,"loc":{"start":{"line":10,"column":21},"end":{"line":10,"column":40}}},"4":{"name":"(anonymous_4)","line":11,"loc":{"start":{"line":11,"column":16},"end":{"line":11,"column":27}}},"5":{"name":"(anonymous_5)","line":14,"loc":{"start":{"line":14,"column":20},"end":{"line":14,"column":31}}},"6":{"name":"(anonymous_6)","line":19,"loc":{"start":{"line":19,"column":7},"end":{"line":19,"column":17}}},"7":{"name":"(anonymous_7)","line":20,"loc":{"start":{"line":20,"column":21},"end":{"line":20,"column":40}}},"8":{"name":"(anonymous_8)","line":21,"loc":{"start":{"line":21,"column":16},"end":{"line":21,"column":27}}},"9":{"name":"(anonymous_9)","line":25,"loc":{"start":{"line":25,"column":21},"end":{"line":25,"column":31}}},"10":{"name":"(anonymous_10)","line":26,"loc":{"start":{"line":26,"column":15},"end":{"line":26,"column":29}}},"11":{"name":"(anonymous_11)","line":27,"loc":{"start":{"line":27,"column":22},"end":{"line":27,"column":41}}},"12":{"name":"(anonymous_12)","line":32,"loc":{"start":{"line":32,"column":51},"end":{"line":32,"column":65}}},"13":{"name":"(anonymous_13)","line":33,"loc":{"start":{"line":33,"column":24},"end":{"line":33,"column":43}}},"14":{"name":"(anonymous_14)","line":38,"loc":{"start":{"line":38,"column":34},"end":{"line":38,"column":48}}},"15":{"name":"(anonymous_15)","line":39,"loc":{"start":{"line":39,"column":22},"end":{"line":39,"column":41}}},"16":{"name":"(anonymous_16)","line":47,"loc":{"start":{"line":47,"column":20},"end":{"line":47,"column":30}}},"17":{"name":"(anonymous_17)","line":48,"loc":{"start":{"line":48,"column":28},"end":{"line":48,"column":42}}},"18":{"name":"(anonymous_18)","line":49,"loc":{"start":{"line":49,"column":23},"end":{"line":49,"column":43}}},"19":{"name":"(anonymous_19)","line":55,"loc":{"start":{"line":55,"column":25},"end":{"line":55,"column":39}}},"20":{"name":"(anonymous_20)","line":56,"loc":{"start":{"line":56,"column":21},"end":{"line":56,"column":41}}},"21":{"name":"(anonymous_21)","line":65,"loc":{"start":{"line":65,"column":34},"end":{"line":65,"column":44}}},"22":{"name":"(anonymous_22)","line":69,"loc":{"start":{"line":69,"column":22},"end":{"line":69,"column":32}}},"23":{"name":"(anonymous_23)","line":73,"loc":{"start":{"line":73,"column":25},"end":{"line":73,"column":49}}},"24":{"name":"(anonymous_24)","line":76,"loc":{"start":{"line":76,"column":23},"end":{"line":76,"column":33}}},"25":{"name":"(anonymous_25)","line":77,"loc":{"start":{"line":77,"column":30},"end":{"line":77,"column":44}}},"26":{"name":"(anonymous_26)","line":78,"loc":{"start":{"line":78,"column":40},"end":{"line":78,"column":51}}},"27":{"name":"(anonymous_27)","line":83,"loc":{"start":{"line":83,"column":28},"end":{"line":83,"column":38}}},"28":{"name":"(anonymous_28)","line":84,"loc":{"start":{"line":84,"column":15},"end":{"line":84,"column":29}}},"29":{"name":"(anonymous_29)","line":87,"loc":{"start":{"line":87,"column":14},"end":{"line":87,"column":24}}},"30":{"name":"(anonymous_30)","line":88,"loc":{"start":{"line":88,"column":41},"end":{"line":88,"column":52}}},"31":{"name":"(anonymous_31)","line":95,"loc":{"start":{"line":95,"column":28},"end":{"line":95,"column":38}}},"32":{"name":"(anonymous_32)","line":96,"loc":{"start":{"line":96,"column":15},"end":{"line":96,"column":29}}},"33":{"name":"(anonymous_33)","line":97,"loc":{"start":{"line":97,"column":28},"end":{"line":97,"column":39}}},"34":{"name":"(anonymous_34)","line":100,"loc":{"start":{"line":100,"column":14},"end":{"line":100,"column":24}}},"35":{"name":"(anonymous_35)","line":101,"loc":{"start":{"line":101,"column":41},"end":{"line":101,"column":52}}},"36":{"name":"(anonymous_36)","line":107,"loc":{"start":{"line":107,"column":32},"end":{"line":107,"column":42}}},"37":{"name":"(anonymous_37)","line":108,"loc":{"start":{"line":108,"column":17},"end":{"line":108,"column":31}}},"38":{"name":"(anonymous_38)","line":116,"loc":{"start":{"line":116,"column":14},"end":{"line":116,"column":24}}},"39":{"name":"(anonymous_39)","line":117,"loc":{"start":{"line":117,"column":41},"end":{"line":117,"column":52}}},"40":{"name":"(anonymous_40)","line":123,"loc":{"start":{"line":123,"column":26},"end":{"line":123,"column":36}}},"41":{"name":"(anonymous_41)","line":124,"loc":{"start":{"line":124,"column":15},"end":{"line":124,"column":29}}},"42":{"name":"(anonymous_42)","line":126,"loc":{"start":{"line":126,"column":14},"end":{"line":126,"column":24}}},"43":{"name":"(anonymous_43)","line":127,"loc":{"start":{"line":127,"column":41},"end":{"line":127,"column":52}}},"44":{"name":"(anonymous_44)","line":133,"loc":{"start":{"line":133,"column":29},"end":{"line":133,"column":39}}},"45":{"name":"(anonymous_45)","line":134,"loc":{"start":{"line":134,"column":16},"end":{"line":134,"column":30}}},"46":{"name":"(anonymous_46)","line":136,"loc":{"start":{"line":136,"column":14},"end":{"line":136,"column":24}}},"47":{"name":"(anonymous_47)","line":137,"loc":{"start":{"line":137,"column":41},"end":{"line":137,"column":52}}}},"statementMap":{"1":{"start":{"line":1,"column":0},"end":{"line":null,"column":null}},"2":{"start":{"line":2,"column":0},"end":{"line":null,"column":null}},"3":{"start":{"line":3,"column":0},"end":{"line":null,"column":null}},"4":{"start":{"line":4,"column":0},"end":{"line":null,"column":null}},"5":{"start":{"line":6,"column":0},"end":{"line":null,"column":null}},"6":{"start":{"line":7,"column":5},"end":{"line":null,"column":null}},"7":{"start":{"line":8,"column":8},"end":{"line":null,"column":null}},"8":{"start":{"line":9,"column":13},"end":{"line":null,"column":null}},"9":{"start":{"line":10,"column":11},"end":{"line":null,"column":null}},"10":{"start":{"line":11,"column":8},"end":{"line":null,"column":null}},"11":{"start":{"line":11,"column":37},"end":{"line":null,"column":null}},"12":{"start":{"line":13,"column":14},"end":{"line":null,"column":null}},"13":{"start":{"line":14,"column":12},"end":{"line":null,"column":null}},"14":{"start":{"line":15,"column":12},"end":{"line":null,"column":null}},"15":{"start":{"line":19,"column":7},"end":{"line":null,"column":null}},"16":{"start":{"line":20,"column":11},"end":{"line":null,"column":null}},"17":{"start":{"line":21,"column":8},"end":{"line":null,"column":null}},"18":{"start":{"line":21,"column":37},"end":{"line":null,"column":null}},"19":{"start":{"line":25,"column":10},"end":{"line":null,"column":null}},"20":{"start":{"line":26,"column":5},"end":{"line":null,"column":null}},"21":{"start":{"line":27,"column":12},"end":{"line":null,"column":null}},"22":{"start":{"line":28,"column":9},"end":{"line":null,"column":null}},"23":{"start":{"line":0,"column":0},"end":{"line":0,"column":0},"skip":true},"24":{"start":{"line":32,"column":5},"end":{"line":null,"column":null}},"25":{"start":{"line":33,"column":12},"end":{"line":null,"column":null}},"26":{"start":{"line":34,"column":9},"end":{"line":null,"column":null}},"27":{"start":{"line":0,"column":0},"end":{"line":0,"column":0},"skip":true},"28":{"start":{"line":38,"column":5},"end":{"line":null,"column":null}},"29":{"start":{"line":39,"column":12},"end":{"line":null,"column":null}},"30":{"start":{"line":40,"column":9},"end":{"line":null,"column":null}},"31":{"start":{"line":41,"column":9},"end":{"line":null,"column":null}},"32":{"start":{"line":0,"column":0},"end":{"line":0,"column":0},"skip":true},"33":{"start":{"line":47,"column":10},"end":{"line":null,"column":null}},"34":{"start":{"line":48,"column":5},"end":{"line":null,"column":null}},"35":{"start":{"line":49,"column":12},"end":{"line":null,"column":null}},"36":{"start":{"line":50,"column":9},"end":{"line":null,"column":null}},"37":{"start":{"line":0,"column":0},"end":{"line":0,"column":0},"skip":true},"38":{"start":{"line":55,"column":5},"end":{"line":null,"column":null}},"39":{"start":{"line":56,"column":12},"end":{"line":null,"column":null}},"40":{"start":{"line":57,"column":10},"end":{"line":null,"column":null}},"41":{"start":{"line":0,"column":0},"end":{"line":0,"column":0},"skip":true},"42":{"start":{"line":65,"column":0},"end":{"line":null,"column":null}},"43":{"start":{"line":66,"column":5},"end":{"line":null,"column":null}},"44":{"start":{"line":67,"column":5},"end":{"line":null,"column":null}},"45":{"start":{"line":68,"column":5},"end":{"line":null,"column":null}},"46":{"start":{"line":69,"column":11},"end":{"line":null,"column":null}},"47":{"start":{"line":70,"column":12},"end":{"line":null,"column":null}},"48":{"start":{"line":72,"column":12},"end":{"line":null,"column":null}},"49":{"start":{"line":73,"column":11},"end":{"line":null,"column":null}},"50":{"start":{"line":74,"column":11},"end":{"line":null,"column":null}},"51":{"start":{"line":76,"column":10},"end":{"line":null,"column":null}},"52":{"start":{"line":77,"column":5},"end":{"line":null,"column":null}},"53":{"start":{"line":78,"column":8},"end":{"line":null,"column":null}},"54":{"start":{"line":78,"column":59},"end":{"line":null,"column":null}},"55":{"start":{"line":0,"column":0},"end":{"line":0,"column":0},"skip":true},"56":{"start":{"line":83,"column":10},"end":{"line":null,"column":null}},"57":{"start":{"line":84,"column":5},"end":{"line":null,"column":null}},"58":{"start":{"line":85,"column":8},"end":{"line":null,"column":null}},"59":{"start":{"line":86,"column":8},"end":{"line":null,"column":null}},"60":{"start":{"line":87,"column":14},"end":{"line":null,"column":null}},"61":{"start":{"line":88,"column":9},"end":{"line":null,"column":null}},"62":{"start":{"line":88,"column":60},"end":{"line":null,"column":null}},"63":{"start":{"line":0,"column":0},"end":{"line":0,"column":0},"skip":true},"64":{"start":{"line":95,"column":10},"end":{"line":null,"column":null}},"65":{"start":{"line":96,"column":5},"end":{"line":null,"column":null}},"66":{"start":{"line":97,"column":8},"end":{"line":null,"column":null}},"67":{"start":{"line":98,"column":9},"end":{"line":null,"column":null}},"68":{"start":{"line":100,"column":14},"end":{"line":null,"column":null}},"69":{"start":{"line":101,"column":9},"end":{"line":null,"column":null}},"70":{"start":{"line":101,"column":60},"end":{"line":null,"column":null}},"71":{"start":{"line":0,"column":0},"end":{"line":0,"column":0},"skip":true},"72":{"start":{"line":107,"column":10},"end":{"line":null,"column":null}},"73":{"start":{"line":108,"column":5},"end":{"line":null,"column":null}},"74":{"start":{"line":109,"column":8},"end":{"line":null,"column":null}},"75":{"start":{"line":116,"column":14},"end":{"line":null,"column":null}},"76":{"start":{"line":117,"column":9},"end":{"line":null,"column":null}},"77":{"start":{"line":117,"column":60},"end":{"line":null,"column":null}},"78":{"start":{"line":0,"column":0},"end":{"line":0,"column":0},"skip":true},"79":{"start":{"line":123,"column":10},"end":{"line":null,"column":null}},"80":{"start":{"line":124,"column":5},"end":{"line":null,"column":null}},"81":{"start":{"line":125,"column":8},"end":{"line":null,"column":null}},"82":{"start":{"line":126,"column":14},"end":{"line":null,"column":null}},"83":{"start":{"line":127,"column":9},"end":{"line":null,"column":null}},"84":{"start":{"line":127,"column":60},"end":{"line":null,"column":null}},"85":{"start":{"line":0,"column":0},"end":{"line":0,"column":0},"skip":true},"86":{"start":{"line":133,"column":10},"end":{"line":null,"column":null}},"87":{"start":{"line":134,"column":5},"end":{"line":null,"column":null}},"88":{"start":{"line":135,"column":8},"end":{"line":null,"column":null}},"89":{"start":{"line":136,"column":14},"end":{"line":null,"column":null}},"90":{"start":{"line":137,"column":9},"end":{"line":null,"column":null}},"91":{"start":{"line":137,"column":60},"end":{"line":null,"column":null}},"92":{"start":{"line":0,"column":0},"end":{"line":0,"column":0},"skip":true}},"branchMap":{"1":{"line":137,"type":"binary-expr","locations":[{"start":{"line":137,"column":60},"end":{"line":137,"column":60}},{"start":{"line":137,"column":84},"end":{"line":137,"column":53}}]}}},"/home/dmitry/workspace/js_ovchinnikov94/libs/main.js":{"path":"/home/dmitry/workspace/js_ovchinnikov94/libs/main.js","s":{"1":1,"2":1,"3":1,"4":1,"5":1,"6":1,"7":1,"8":1,"9":1,"10":1,"11":1,"12":1,"13":0,"14":0,"15":0,"16":0,"17":0,"18":1,"19":0,"20":1,"21":1,"22":1,"23":0,"24":0,"25":1,"26":1,"27":1,"28":1,"29":1,"30":1,"31":1,"32":1,"33":0,"34":0,"35":0,"36":0,"37":0,"38":0,"39":0,"40":0,"41":0,"42":0,"43":0,"44":0,"45":0,"46":0,"47":0,"48":0,"49":0,"50":0,"51":0,"52":0,"53":0,"54":0,"55":0,"56":0,"57":0,"58":0,"59":0,"60":0,"61":0,"62":0,"63":1,"64":1,"65":1,"66":0,"67":0,"68":0,"69":1,"70":0,"71":1,"72":1,"73":0,"74":0,"75":0,"76":0,"77":1,"78":1,"79":1,"80":1,"81":1,"82":1,"83":0,"84":0,"85":0,"86":1,"87":1,"88":1,"89":1,"90":1,"91":1,"92":1,"93":1,"94":1,"95":0,"96":0,"97":1,"98":1,"99":1,"100":1,"101":1,"102":1,"103":1,"104":1,"105":1,"106":1,"107":1,"108":1,"109":1,"110":1,"111":1,"112":1,"113":1,"114":1,"115":1,"116":1,"117":1,"118":0,"119":1,"120":0,"121":1,"122":1,"123":1,"124":1,"125":1,"126":1,"127":1,"128":0,"129":0,"130":0,"131":1,"132":1,"133":1,"134":1,"135":1,"136":1,"137":1,"138":1},"b":{"1":[0,0],"2":[0,1,0,0,0,0,0],"3":[1,0],"4":[1,1],"5":[0,0],"6":[0,0],"7":[0,0],"8":[0,0],"9":[0,0],"10":[0,1],"11":[0,0],"12":[0,1],"13":[1,0],"14":[1,0],"15":[0,1],"16":[1,0],"17":[1,1,1],"18":[0,1]},"f":{"1":1,"2":0,"3":0,"4":1,"5":0,"6":1,"7":1,"8":0,"9":0,"10":1,"11":1,"12":1,"13":1,"14":1,"15":1,"16":1,"17":1,"18":1,"19":1,"20":1,"21":1,"22":1,"23":1},"fnMap":{"1":{"name":"(anonymous_1)","line":12,"loc":{"start":{"line":12,"column":21},"end":{"line":12,"column":33}}},"2":{"name":"(anonymous_2)","line":19,"loc":{"start":{"line":19,"column":16},"end":{"line":19,"column":26}}},"3":{"name":"(anonymous_3)","line":28,"loc":{"start":{"line":28,"column":20},"end":{"line":28,"column":33}}},"4":{"name":"(anonymous_4)","line":32,"loc":{"start":{"line":32,"column":18},"end":{"line":32,"column":36}}},"5":{"name":"(anonymous_5)","line":47,"loc":{"start":{"line":47,"column":39},"end":{"line":47,"column":59}}},"6":{"name":"(anonymous_6)","line":94,"loc":{"start":{"line":94,"column":25},"end":{"line":94,"column":57}}},"7":{"name":"(anonymous_7)","line":95,"loc":{"start":{"line":95,"column":31},"end":{"line":95,"column":50}}},"8":{"name":"(anonymous_8)","line":96,"loc":{"start":{"line":96,"column":13},"end":{"line":96,"column":26}}},"9":{"name":"(anonymous_9)","line":105,"loc":{"start":{"line":105,"column":29},"end":{"line":105,"column":49}}},"10":{"name":"(anonymous_10)","line":114,"loc":{"start":{"line":114,"column":16},"end":{"line":114,"column":29}}},"11":{"name":"(anonymous_11)","line":115,"loc":{"start":{"line":115,"column":21},"end":{"line":115,"column":32}}},"12":{"name":"(anonymous_12)","line":120,"loc":{"start":{"line":120,"column":24},"end":{"line":120,"column":61}}},"13":{"name":"(anonymous_13)","line":121,"loc":{"start":{"line":121,"column":41},"end":{"line":121,"column":61}}},"14":{"name":"(anonymous_14)","line":140,"loc":{"start":{"line":140,"column":21},"end":{"line":140,"column":84}}},"15":{"name":"(anonymous_15)","line":154,"loc":{"start":{"line":154,"column":20},"end":{"line":154,"column":39}}},"16":{"name":"(anonymous_16)","line":163,"loc":{"start":{"line":163,"column":20},"end":{"line":163,"column":64}}},"17":{"name":"(anonymous_17)","line":167,"loc":{"start":{"line":167,"column":3},"end":{"line":167,"column":24}}},"18":{"name":"(anonymous_18)","line":168,"loc":{"start":{"line":168,"column":42},"end":{"line":168,"column":62}}},"19":{"name":"(anonymous_19)","line":172,"loc":{"start":{"line":172,"column":3},"end":{"line":172,"column":25}}},"20":{"name":"(anonymous_20)","line":175,"loc":{"start":{"line":175,"column":26},"end":{"line":175,"column":37}}},"21":{"name":"(anonymous_21)","line":190,"loc":{"start":{"line":190,"column":18},"end":{"line":190,"column":80}}},"22":{"name":"(anonymous_22)","line":192,"loc":{"start":{"line":192,"column":47},"end":{"line":192,"column":66}}},"23":{"name":"(anonymous_23)","line":193,"loc":{"start":{"line":193,"column":16},"end":{"line":193,"column":27}}}},"statementMap":{"1":{"start":{"line":1,"column":0},"end":{"line":null,"column":null}},"2":{"start":{"line":2,"column":0},"end":{"line":null,"column":null}},"3":{"start":{"line":3,"column":0},"end":{"line":null,"column":null}},"4":{"start":{"line":4,"column":0},"end":{"line":null,"column":null}},"5":{"start":{"line":8,"column":0},"end":{"line":null,"column":null}},"6":{"start":{"line":9,"column":0},"end":{"line":null,"column":null}},"7":{"start":{"line":12,"column":0},"end":{"line":null,"column":null}},"8":{"start":{"line":13,"column":5},"end":{"line":null,"column":null}},"9":{"start":{"line":14,"column":5},"end":{"line":null,"column":null}},"10":{"start":{"line":15,"column":5},"end":{"line":null,"column":null}},"11":{"start":{"line":16,"column":5},"end":{"line":null,"column":null}},"12":{"start":{"line":19,"column":4},"end":{"line":null,"column":null}},"13":{"start":{"line":20,"column":10},"end":{"line":null,"column":null}},"14":{"start":{"line":21,"column":7},"end":{"line":null,"column":null}},"15":{"start":{"line":22,"column":3},"end":{"line":null,"column":null}},"16":{"start":{"line":23,"column":16},"end":{"line":null,"column":null}},"17":{"start":{"line":0,"column":0},"end":{"line":0,"column":0},"skip":true},"18":{"start":{"line":28,"column":8},"end":{"line":null,"column":null}},"19":{"start":{"line":29,"column":10},"end":{"line":null,"column":null}},"20":{"start":{"line":32,"column":4},"end":{"line":null,"column":null}},"21":{"start":{"line":33,"column":6},"end":{"line":null,"column":null}},"22":{"start":{"line":34,"column":9},"end":{"line":null,"column":null}},"23":{"start":{"line":36,"column":19},"end":{"line":null,"column":null}},"24":{"start":{"line":0,"column":0},"end":{"line":0,"column":0},"skip":true},"25":{"start":{"line":39,"column":8},"end":{"line":null,"column":null}},"26":{"start":{"line":40,"column":16},"end":{"line":null,"column":null}},"27":{"start":{"line":41,"column":15},"end":{"line":41,"column":21}},"28":{"start":{"line":41,"column":21},"end":{"line":null,"column":null}},"29":{"start":{"line":42,"column":24},"end":{"line":null,"column":null}},"30":{"start":{"line":43,"column":17},"end":{"line":null,"column":null}},"31":{"start":{"line":44,"column":8},"end":{"line":null,"column":null}},"32":{"start":{"line":0,"column":0},"end":{"line":0,"column":0},"skip":true},"33":{"start":{"line":47,"column":11},"end":{"line":null,"column":null}},"34":{"start":{"line":48,"column":9},"end":{"line":null,"column":null}},"35":{"start":{"line":49,"column":9},"end":{"line":null,"column":null}},"36":{"start":{"line":52,"column":10},"end":{"line":null,"column":null}},"37":{"start":{"line":53,"column":19},"end":{"line":null,"column":null}},"38":{"start":{"line":54,"column":16},"end":{"line":null,"column":null}},"39":{"start":{"line":55,"column":10},"end":{"line":null,"column":null}},"40":{"start":{"line":56,"column":10},"end":{"line":null,"column":null}},"41":{"start":{"line":57,"column":18},"end":{"line":null,"column":null}},"42":{"start":{"line":58,"column":26},"end":{"line":null,"column":null}},"43":{"start":{"line":59,"column":19},"end":{"line":null,"column":null}},"44":{"start":{"line":61,"column":11},"end":{"line":null,"column":null}},"45":{"start":{"line":62,"column":10},"end":{"line":null,"column":null}},"46":{"start":{"line":63,"column":18},"end":{"line":null,"column":null}},"47":{"start":{"line":64,"column":26},"end":{"line":null,"column":null}},"48":{"start":{"line":65,"column":19},"end":{"line":null,"column":null}},"49":{"start":{"line":68,"column":7},"end":{"line":null,"column":null}},"50":{"start":{"line":0,"column":0},"end":{"line":0,"column":0},"skip":true},"51":{"start":{"line":73,"column":18},"end":{"line":null,"column":null}},"52":{"start":{"line":74,"column":15},"end":{"line":null,"column":null}},"53":{"start":{"line":75,"column":14},"end":{"line":null,"column":null}},"54":{"start":{"line":76,"column":17},"end":{"line":null,"column":null}},"55":{"start":{"line":0,"column":0},"end":{"line":0,"column":0},"skip":true},"56":{"start":{"line":79,"column":22},"end":{"line":null,"column":null}},"57":{"start":{"line":0,"column":0},"end":{"line":0,"column":0},"skip":true},"58":{"start":{"line":82,"column":18},"end":{"line":null,"column":null}},"59":{"start":{"line":0,"column":0},"end":{"line":0,"column":0},"skip":true},"60":{"start":{"line":85,"column":16},"end":{"line":null,"column":null}},"61":{"start":{"line":0,"column":0},"end":{"line":0,"column":0},"skip":true},"62":{"start":{"line":88,"column":12},"end":{"line":null,"column":null}},"63":{"start":{"line":94,"column":0},"end":{"line":null,"column":null}},"64":{"start":{"line":95,"column":13},"end":{"line":null,"column":null}},"65":{"start":{"line":96,"column":8},"end":{"line":null,"column":null}},"66":{"start":{"line":97,"column":8},"end":{"line":null,"column":null}},"67":{"start":{"line":98,"column":8},"end":{"line":null,"column":null}},"68":{"start":{"line":99,"column":11},"end":{"line":null,"column":null}},"69":{"start":{"line":101,"column":8},"end":{"line":null,"column":null}},"70":{"start":{"line":102,"column":4},"end":{"line":null,"column":null}},"71":{"start":{"line":103,"column":10},"end":{"line":null,"column":null}},"72":{"start":{"line":104,"column":8},"end":{"line":null,"column":null}},"73":{"start":{"line":105,"column":16},"end":{"line":null,"column":null}},"74":{"start":{"line":106,"column":9},"end":{"line":null,"column":null}},"75":{"start":{"line":107,"column":7},"end":{"line":null,"column":null}},"76":{"start":{"line":108,"column":15},"end":{"line":null,"column":null}},"77":{"start":{"line":114,"column":0},"end":{"line":null,"column":null}},"78":{"start":{"line":115,"column":13},"end":{"line":null,"column":null}},"79":{"start":{"line":116,"column":4},"end":{"line":null,"column":null}},"80":{"start":{"line":120,"column":0},"end":{"line":null,"column":null}},"81":{"start":{"line":121,"column":13},"end":{"line":null,"column":null}},"82":{"start":{"line":122,"column":6},"end":{"line":null,"column":null}},"83":{"start":{"line":123,"column":3},"end":{"line":null,"column":null}},"84":{"start":{"line":124,"column":14},"end":{"line":null,"column":null}},"85":{"start":{"line":0,"column":0},"end":{"line":0,"column":0},"skip":true},"86":{"start":{"line":127,"column":6},"end":{"line":null,"column":null}},"87":{"start":{"line":128,"column":11},"end":{"line":null,"column":null}},"88":{"start":{"line":129,"column":11},"end":{"line":null,"column":null}},"89":{"start":{"line":130,"column":11},"end":{"line":null,"column":null}},"90":{"start":{"line":131,"column":11},"end":{"line":null,"column":null}},"91":{"start":{"line":132,"column":14},"end":{"line":null,"column":null}},"92":{"start":{"line":133,"column":12},"end":{"line":null,"column":null}},"93":{"start":{"line":140,"column":0},"end":{"line":null,"column":null}},"94":{"start":{"line":141,"column":5},"end":{"line":null,"column":null}},"95":{"start":{"line":142,"column":12},"end":{"line":null,"column":null}},"96":{"start":{"line":0,"column":0},"end":{"line":0,"column":0},"skip":true},"97":{"start":{"line":145,"column":5},"end":{"line":null,"column":null}},"98":{"start":{"line":146,"column":5},"end":{"line":null,"column":null}},"99":{"start":{"line":147,"column":5},"end":{"line":null,"column":null}},"100":{"start":{"line":148,"column":5},"end":{"line":null,"column":null}},"101":{"start":{"line":149,"column":13},"end":{"line":null,"column":null}},"102":{"start":{"line":150,"column":5},"end":{"line":null,"column":null}},"103":{"start":{"line":151,"column":11},"end":{"line":null,"column":null}},"104":{"start":{"line":154,"column":0},"end":{"line":null,"column":null}},"105":{"start":{"line":155,"column":6},"end":{"line":null,"column":null}},"106":{"start":{"line":156,"column":2},"end":{"line":null,"column":null}},"107":{"start":{"line":157,"column":15},"end":{"line":null,"column":null}},"108":{"start":{"line":0,"column":0},"end":{"line":0,"column":0},"skip":true},"109":{"start":{"line":160,"column":11},"end":{"line":null,"column":null}},"110":{"start":{"line":163,"column":0},"end":{"line":null,"column":null}},"111":{"start":{"line":164,"column":5},"end":{"line":null,"column":null}},"112":{"start":{"line":165,"column":2},"end":{"line":164,"column":1}},"113":{"start":{"line":168,"column":16},"end":{"line":null,"column":null}},"114":{"start":{"line":169,"column":14},"end":{"line":null,"column":null}},"115":{"start":{"line":173,"column":14},"end":{"line":null,"column":null}},"116":{"start":{"line":176,"column":10},"end":{"line":null,"column":null}},"117":{"start":{"line":177,"column":10},"end":{"line":null,"column":null}},"118":{"start":{"line":178,"column":7},"end":{"line":null,"column":null}},"119":{"start":{"line":179,"column":13},"end":{"line":null,"column":null}},"120":{"start":{"line":184,"column":2},"end":{"line":null,"column":null}},"121":{"start":{"line":190,"column":0},"end":{"line":null,"column":null}},"122":{"start":{"line":191,"column":5},"end":{"line":null,"column":null}},"123":{"start":{"line":192,"column":14},"end":{"line":null,"column":null}},"124":{"start":{"line":193,"column":8},"end":{"line":null,"column":null}},"125":{"start":{"line":194,"column":16},"end":{"line":null,"column":null}},"126":{"start":{"line":196,"column":8},"end":{"line":null,"column":null}},"127":{"start":{"line":197,"column":8},"end":{"line":null,"column":null}},"128":{"start":{"line":198,"column":17},"end":{"line":null,"column":null}},"129":{"start":{"line":202,"column":17},"end":{"line":null,"column":null}},"130":{"start":{"line":0,"column":0},"end":{"line":0,"column":0},"skip":true},"131":{"start":{"line":206,"column":13},"end":{"line":null,"column":null}},"132":{"start":{"line":214,"column":0},"end":{"line":null,"column":null}},"133":{"start":{"line":215,"column":0},"end":{"line":null,"column":null}},"134":{"start":{"line":216,"column":0},"end":{"line":null,"column":null}},"135":{"start":{"line":217,"column":0},"end":{"line":null,"column":null}},"136":{"start":{"line":218,"column":0},"end":{"line":null,"column":null}},"137":{"start":{"line":219,"column":0},"end":{"line":null,"column":null}},"138":{"start":{"line":220,"column":0},"end":{"line":null,"column":null}}},"branchMap":{"1":{"line":22,"type":"if","locations":[{"start":{"line":22,"column":3},"end":{"line":22,"column":3}},{"start":{"line":22,"column":3},"end":{"line":22,"column":3}}]},"2":{"line":35,"type":"switch","locations":[{"start":{"line":35,"column":8},"end":{"line":null,"column":null}},{"start":{"line":38,"column":8},"end":{"line":null,"column":null}},{"start":{"line":72,"column":8},"end":{"line":null,"column":null}},{"start":{"line":78,"column":8},"end":{"line":null,"column":null}},{"start":{"line":81,"column":8},"end":{"line":null,"column":null}},{"start":{"line":84,"column":8},"end":{"line":null,"column":null}},{"start":{"line":0,"column":0},"end":{"line":0,"column":0},"skip":true}]},"3":{"line":39,"type":"if","locations":[{"start":{"line":39,"column":8},"end":{"line":39,"column":8}},{"start":{"line":39,"column":8},"end":{"line":39,"column":8}}]},"4":{"line":39,"type":"binary-expr","locations":[{"start":{"line":39,"column":8},"end":{"line":39,"column":8}},{"start":{"line":39,"column":36},"end":{"line":39,"column":4}}]},"5":{"line":48,"type":"if","locations":[{"start":{"line":48,"column":9},"end":{"line":48,"column":9}},{"start":{"line":48,"column":9},"end":{"line":48,"column":9}}]},"6":{"line":48,"type":"binary-expr","locations":[{"start":{"line":48,"column":9},"end":{"line":48,"column":16}},{"start":{"line":48,"column":16},"end":{"line":48,"column":5}}]},"7":{"line":54,"type":"binary-expr","locations":[{"start":{"line":54,"column":16},"end":{"line":54,"column":30}},{"start":{"line":54,"column":30},"end":{"line":54,"column":6}}]},"8":{"line":55,"type":"if","locations":[{"start":{"line":55,"column":10},"end":{"line":55,"column":10}},{"start":{"line":55,"column":10},"end":{"line":55,"column":10}}]},"9":{"line":61,"type":"if","locations":[{"start":{"line":61,"column":11},"end":{"line":61,"column":11}},{"start":{"line":61,"column":11},"end":{"line":61,"column":11}}]},"10":{"line":122,"type":"if","locations":[{"start":{"line":122,"column":6},"end":{"line":122,"column":6}},{"start":{"line":122,"column":6},"end":{"line":122,"column":6}}]},"11":{"line":123,"type":"if","locations":[{"start":{"line":123,"column":3},"end":{"line":123,"column":3}},{"start":{"line":123,"column":3},"end":{"line":123,"column":3}}]},"12":{"line":141,"type":"if","locations":[{"start":{"line":141,"column":5},"end":{"line":141,"column":5}},{"start":{"line":141,"column":5},"end":{"line":141,"column":5}}]},"13":{"line":156,"type":"if","locations":[{"start":{"line":156,"column":2},"end":{"line":156,"column":2}},{"start":{"line":156,"column":2},"end":{"line":156,"column":2}}]},"14":{"line":164,"type":"if","locations":[{"start":{"line":164,"column":5},"end":{"line":164,"column":5}},{"start":{"line":164,"column":5},"end":{"line":164,"column":5}}]},"15":{"line":177,"type":"if","locations":[{"start":{"line":177,"column":10},"end":{"line":177,"column":10}},{"start":{"line":177,"column":10},"end":{"line":177,"column":10}}]},"16":{"line":191,"type":"if","locations":[{"start":{"line":191,"column":5},"end":{"line":191,"column":5}},{"start":{"line":191,"column":5},"end":{"line":191,"column":5}}]},"17":{"line":191,"type":"binary-expr","locations":[{"start":{"line":191,"column":5},"end":{"line":191,"column":19}},{"start":{"line":191,"column":19},"end":{"line":191,"column":5}},{"start":{"line":191,"column":30},"end":{"line":191,"column":1}}]},"18":{"line":197,"type":"if","locations":[{"start":{"line":197,"column":8},"end":{"line":197,"column":8}},{"start":{"line":197,"column":8},"end":{"line":197,"column":8}}]}}}}