TN:
SF:/home/dmitry/workspace/js_ovchinnikov94/libs/test.js
FN:6,(anonymous_1)
FN:8,(anonymous_2)
FN:10,(anonymous_3)
FN:11,(anonymous_4)
FN:14,(anonymous_5)
FN:19,(anonymous_6)
FN:20,(anonymous_7)
FN:21,(anonymous_8)
FN:25,(anonymous_9)
FN:26,(anonymous_10)
FN:27,(anonymous_11)
FN:32,(anonymous_12)
FN:33,(anonymous_13)
FN:38,(anonymous_14)
FN:39,(anonymous_15)
FN:47,(anonymous_16)
FN:48,(anonymous_17)
FN:49,(anonymous_18)
FN:55,(anonymous_19)
FN:56,(anonymous_20)
FN:65,(anonymous_21)
FN:69,(anonymous_22)
FN:73,(anonymous_23)
FN:76,(anonymous_24)
FN:77,(anonymous_25)
FN:78,(anonymous_26)
FN:83,(anonymous_27)
FN:84,(anonymous_28)
FN:87,(anonymous_29)
FN:88,(anonymous_30)
FN:95,(anonymous_31)
FN:96,(anonymous_32)
FN:97,(anonymous_33)
FN:100,(anonymous_34)
FN:101,(anonymous_35)
FN:107,(anonymous_36)
FN:108,(anonymous_37)
FN:116,(anonymous_38)
FN:117,(anonymous_39)
FN:123,(anonymous_40)
FN:124,(anonymous_41)
FN:126,(anonymous_42)
FN:127,(anonymous_43)
FN:133,(anonymous_44)
FN:134,(anonymous_45)
FN:136,(anonymous_46)
FN:137,(anonymous_47)
FNF:47
FNH:47
FNDA:1,(anonymous_1)
FNDA:1,(anonymous_2)
FNDA:1,(anonymous_3)
FNDA:1,(anonymous_4)
FNDA:4,(anonymous_5)
FNDA:1,(anonymous_6)
FNDA:1,(anonymous_7)
FNDA:4,(anonymous_8)
FNDA:1,(anonymous_9)
FNDA:1,(anonymous_10)
FNDA:1,(anonymous_11)
FNDA:1,(anonymous_12)
FNDA:1,(anonymous_13)
FNDA:1,(anonymous_14)
FNDA:1,(anonymous_15)
FNDA:1,(anonymous_16)
FNDA:1,(anonymous_17)
FNDA:1,(anonymous_18)
FNDA:1,(anonymous_19)
FNDA:1,(anonymous_20)
FNDA:1,(anonymous_21)
FNDA:1,(anonymous_22)
FNDA:6,(anonymous_23)
FNDA:1,(anonymous_24)
FNDA:1,(anonymous_25)
FNDA:1,(anonymous_26)
FNDA:1,(anonymous_27)
FNDA:1,(anonymous_28)
FNDA:1,(anonymous_29)
FNDA:2,(anonymous_30)
FNDA:1,(anonymous_31)
FNDA:1,(anonymous_32)
FNDA:1,(anonymous_33)
FNDA:1,(anonymous_34)
FNDA:3,(anonymous_35)
FNDA:1,(anonymous_36)
FNDA:1,(anonymous_37)
FNDA:1,(anonymous_38)
FNDA:4,(anonymous_39)
FNDA:1,(anonymous_40)
FNDA:1,(anonymous_41)
FNDA:1,(anonymous_42)
FNDA:5,(anonymous_43)
FNDA:1,(anonymous_44)
FNDA:1,(anonymous_45)
FNDA:1,(anonymous_46)
FNDA:6,(anonymous_47)
DA:1,1
DA:2,1
DA:3,1
DA:4,1
DA:6,1
DA:7,1
DA:8,1
DA:9,1
DA:10,1
DA:11,1
DA:13,1
DA:14,1
DA:15,4
DA:19,1
DA:20,1
DA:21,4
DA:25,1
DA:26,1
DA:27,1
DA:28,1
DA:32,1
DA:33,1
DA:34,1
DA:38,1
DA:39,1
DA:40,1
DA:41,1
DA:47,1
DA:48,1
DA:49,1
DA:50,1
DA:55,1
DA:56,1
DA:57,1
DA:65,1
DA:66,1
DA:67,1
DA:68,1
DA:69,1
DA:70,1
DA:72,1
DA:73,1
DA:74,6
DA:76,1
DA:77,1
DA:78,1
DA:83,1
DA:84,1
DA:85,1
DA:86,1
DA:87,1
DA:88,2
DA:95,1
DA:96,1
DA:97,1
DA:98,1
DA:100,1
DA:101,3
DA:107,1
DA:108,1
DA:109,1
DA:116,1
DA:117,4
DA:123,1
DA:124,1
DA:125,1
DA:126,1
DA:127,5
DA:133,1
DA:134,1
DA:135,1
DA:136,1
DA:137,6
LF:73
LH:73
BRDA:137,1,0,6
BRDA:137,1,1,1
BRF:2
BRH:2
end_of_record
TN:
SF:/home/dmitry/workspace/js_ovchinnikov94/libs/main.js
FN:12,(anonymous_1)
FN:19,(anonymous_2)
FN:28,(anonymous_3)
FN:32,(anonymous_4)
FN:47,(anonymous_5)
FN:94,(anonymous_6)
FN:95,(anonymous_7)
FN:96,(anonymous_8)
FN:105,(anonymous_9)
FN:114,(anonymous_10)
FN:115,(anonymous_11)
FN:120,(anonymous_12)
FN:121,(anonymous_13)
FN:140,(anonymous_14)
FN:154,(anonymous_15)
FN:163,(anonymous_16)
FN:167,(anonymous_17)
FN:168,(anonymous_18)
FN:172,(anonymous_19)
FN:175,(anonymous_20)
FN:190,(anonymous_21)
FN:192,(anonymous_22)
FN:193,(anonymous_23)
FNF:23
FNH:18
FNDA:1,(anonymous_1)
FNDA:0,(anonymous_2)
FNDA:0,(anonymous_3)
FNDA:1,(anonymous_4)
FNDA:0,(anonymous_5)
FNDA:1,(anonymous_6)
FNDA:1,(anonymous_7)
FNDA:0,(anonymous_8)
FNDA:0,(anonymous_9)
FNDA:1,(anonymous_10)
FNDA:1,(anonymous_11)
FNDA:1,(anonymous_12)
FNDA:1,(anonymous_13)
FNDA:1,(anonymous_14)
FNDA:1,(anonymous_15)
FNDA:1,(anonymous_16)
FNDA:1,(anonymous_17)
FNDA:1,(anonymous_18)
FNDA:1,(anonymous_19)
FNDA:1,(anonymous_20)
FNDA:1,(anonymous_21)
FNDA:1,(anonymous_22)
FNDA:1,(anonymous_23)
DA:1,1
DA:2,1
DA:3,1
DA:4,1
DA:8,1
DA:9,1
DA:12,1
DA:13,1
DA:14,1
DA:15,1
DA:16,1
DA:19,1
DA:20,0
DA:21,0
DA:22,0
DA:23,0
DA:28,1
DA:29,0
DA:32,1
DA:33,1
DA:34,1
DA:36,0
DA:39,1
DA:40,1
DA:41,1
DA:42,1
DA:43,1
DA:44,1
DA:47,0
DA:48,0
DA:49,0
DA:52,0
DA:53,0
DA:54,0
DA:55,0
DA:56,0
DA:57,0
DA:58,0
DA:59,0
DA:61,0
DA:62,0
DA:63,0
DA:64,0
DA:65,0
DA:68,0
DA:73,0
DA:74,0
DA:75,0
DA:76,0
DA:79,0
DA:82,0
DA:85,0
DA:88,0
DA:94,1
DA:95,1
DA:96,1
DA:97,0
DA:98,0
DA:99,0
DA:101,1
DA:102,0
DA:103,1
DA:104,1
DA:105,0
DA:106,0
DA:107,0
DA:108,0
DA:114,1
DA:115,1
DA:116,1
DA:120,1
DA:121,1
DA:122,1
DA:123,0
DA:124,0
DA:127,1
DA:128,1
DA:129,1
DA:130,1
DA:131,1
DA:132,1
DA:133,1
DA:140,1
DA:141,1
DA:142,0
DA:145,1
DA:146,1
DA:147,1
DA:148,1
DA:149,1
DA:150,1
DA:151,1
DA:154,1
DA:155,1
DA:156,1
DA:157,1
DA:160,1
DA:163,1
DA:164,1
DA:165,1
DA:168,1
DA:169,1
DA:173,1
DA:176,1
DA:177,1
DA:178,0
DA:179,1
DA:184,0
DA:190,1
DA:191,1
DA:192,1
DA:193,1
DA:194,1
DA:196,1
DA:197,1
DA:198,0
DA:202,0
DA:206,1
DA:214,1
DA:215,1
DA:216,1
DA:217,1
DA:218,1
DA:219,1
DA:220,1
LF:125
LH:79
BRDA:22,1,0,0
BRDA:22,1,1,0
BRDA:35,2,0,0
BRDA:35,2,1,1
BRDA:35,2,2,0
BRDA:35,2,3,0
BRDA:35,2,4,0
BRDA:35,2,5,0
BRDA:35,2,6,0
BRDA:39,3,0,1
BRDA:39,3,1,0
BRDA:39,4,0,1
BRDA:39,4,1,1
BRDA:48,5,0,0
BRDA:48,5,1,0
BRDA:48,6,0,0
BRDA:48,6,1,0
BRDA:54,7,0,0
BRDA:54,7,1,0
BRDA:55,8,0,0
BRDA:55,8,1,0
BRDA:61,9,0,0
BRDA:61,9,1,0
BRDA:122,10,0,0
BRDA:122,10,1,1
BRDA:123,11,0,0
BRDA:123,11,1,0
BRDA:141,12,0,0
BRDA:141,12,1,1
BRDA:156,13,0,1
BRDA:156,13,1,0
BRDA:164,14,0,1
BRDA:164,14,1,0
BRDA:177,15,0,0
BRDA:177,15,1,1
BRDA:191,16,0,1
BRDA:191,16,1,0
BRDA:191,17,0,1
BRDA:191,17,1,1
BRDA:191,17,2,1
BRDA:197,18,0,0
BRDA:197,18,1,1
BRF:42
BRH:15
end_of_record
